  CAR.cpp
C:\Users\kmora\source\repos\Week8Project\Week8Project\CAR.h(21,19): warning C4305: 'initializing': truncation from 'double' to 'float'
C:\Users\kmora\source\repos\Week8Project\Week8Project\CAR.h(38,19): warning C4305: 'initializing': truncation from 'double' to 'float'
C:\Users\kmora\source\repos\Week8Project\Week8Project\CAR.cpp(40,20): warning C4244: '=': conversion from 'double' to 'float', possible loss of data
C:\Users\kmora\source\repos\Week8Project\Week8Project\CAR.cpp(41,20): warning C4244: '=': conversion from 'double' to 'float', possible loss of data
C:\Users\kmora\source\repos\Week8Project\Week8Project\CAR.cpp(43,33): warning C4244: 'return': conversion from 'int' to 'float', possible loss of data
C:\Users\kmora\source\repos\Week8Project\Week8Project\CAR.cpp(80,20): warning C4244: '=': conversion from 'double' to 'float', possible loss of data
C:\Users\kmora\source\repos\Week8Project\Week8Project\CAR.cpp(81,20): warning C4244: '=': conversion from 'double' to 'float', possible loss of data
C:\Users\kmora\source\repos\Week8Project\Week8Project\CAR.cpp(83,33): warning C4244: 'return': conversion from 'int' to 'float', possible loss of data
  Week8Project.cpp
C:\Users\kmora\source\repos\Week8Project\Week8Project\CAR.h(21,19): warning C4305: 'initializing': truncation from 'double' to 'float'
C:\Users\kmora\source\repos\Week8Project\Week8Project\CAR.h(38,19): warning C4305: 'initializing': truncation from 'double' to 'float'
C:\Users\kmora\source\repos\Week8Project\Week8Project\Week8Project.cpp(200,31): warning C4244: '=': conversion from 'int' to 'float', possible loss of data
C:\Users\kmora\source\repos\Week8Project\Week8Project\Week8Project.cpp(207,31): warning C4244: '=': conversion from 'int' to 'float', possible loss of data
C:\Users\kmora\source\repos\Week8Project\Week8Project\Week8Project.cpp(214,31): warning C4244: '=': conversion from 'int' to 'float', possible loss of data
C:\Users\kmora\source\repos\Week8Project\Week8Project\Week8Project.cpp(221,31): warning C4244: '=': conversion from 'int' to 'float', possible loss of data
C:\Users\kmora\source\repos\Week8Project\Week8Project\Week8Project.cpp(228,31): warning C4244: '=': conversion from 'int' to 'float', possible loss of data
C:\Users\kmora\source\repos\Week8Project\Week8Project\Week8Project.cpp(235,31): warning C4244: '=': conversion from 'int' to 'float', possible loss of data
C:\Users\kmora\source\repos\Week8Project\Week8Project\Week8Project.cpp(241,31): warning C4244: '=': conversion from 'int' to 'float', possible loss of data
C:\Users\kmora\source\repos\Week8Project\Week8Project\Week8Project.cpp(249,31): warning C4244: '=': conversion from 'int' to 'float', possible loss of data
C:\Users\kmora\source\repos\Week8Project\Week8Project\Week8Project.cpp(255,31): warning C4244: '=': conversion from 'int' to 'float', possible loss of data
C:\Users\kmora\source\repos\Week8Project\Week8Project\Week8Project.cpp(262,32): warning C4244: '=': conversion from 'int' to 'float', possible loss of data
C:\Users\kmora\source\repos\Week8Project\Week8Project\Week8Project.cpp(269,32): warning C4244: '=': conversion from 'int' to 'float', possible loss of data
C:\Users\kmora\source\repos\Week8Project\Week8Project\Week8Project.cpp(276,32): warning C4244: '=': conversion from 'int' to 'float', possible loss of data
C:\Users\kmora\source\repos\Week8Project\Week8Project\Week8Project.cpp(283,32): warning C4244: '=': conversion from 'int' to 'float', possible loss of data
C:\Users\kmora\source\repos\Week8Project\Week8Project\Week8Project.cpp(290,32): warning C4244: '=': conversion from 'int' to 'float', possible loss of data
C:\Users\kmora\source\repos\Week8Project\Week8Project\Week8Project.cpp(297,32): warning C4244: '=': conversion from 'int' to 'float', possible loss of data
C:\Users\kmora\source\repos\Week8Project\Week8Project\Week8Project.cpp(340,38): warning C4244: '=': conversion from 'int' to 'float', possible loss of data
C:\Users\kmora\source\repos\Week8Project\Week8Project\Week8Project.cpp(347,38): warning C4244: '=': conversion from 'int' to 'float', possible loss of data
C:\Users\kmora\source\repos\Week8Project\Week8Project\Week8Project.cpp(354,38): warning C4244: '=': conversion from 'int' to 'float', possible loss of data
C:\Users\kmora\source\repos\Week8Project\Week8Project\Week8Project.cpp(361,38): warning C4244: '=': conversion from 'int' to 'float', possible loss of data
C:\Users\kmora\source\repos\Week8Project\Week8Project\Week8Project.cpp(368,38): warning C4244: '=': conversion from 'int' to 'float', possible loss of data
C:\Users\kmora\source\repos\Week8Project\Week8Project\Week8Project.cpp(397,38): warning C4244: '=': conversion from 'int' to 'float', possible loss of data
C:\Users\kmora\source\repos\Week8Project\Week8Project\Week8Project.cpp(404,38): warning C4244: '=': conversion from 'int' to 'float', possible loss of data
C:\Users\kmora\source\repos\Week8Project\Week8Project\Week8Project.cpp(411,38): warning C4244: '=': conversion from 'int' to 'float', possible loss of data
C:\Users\kmora\source\repos\Week8Project\Week8Project\Week8Project.cpp(418,38): warning C4244: '=': conversion from 'int' to 'float', possible loss of data
C:\Users\kmora\source\repos\Week8Project\Week8Project\Week8Project.cpp(425,38): warning C4244: '=': conversion from 'int' to 'float', possible loss of data
C:\Users\kmora\source\repos\Week8Project\Week8Project\Week8Project.cpp(453,38): warning C4244: '=': conversion from 'int' to 'float', possible loss of data
C:\Users\kmora\source\repos\Week8Project\Week8Project\Week8Project.cpp(460,38): warning C4244: '=': conversion from 'int' to 'float', possible loss of data
C:\Users\kmora\source\repos\Week8Project\Week8Project\Week8Project.cpp(467,38): warning C4244: '=': conversion from 'int' to 'float', possible loss of data
C:\Users\kmora\source\repos\Week8Project\Week8Project\Week8Project.cpp(474,38): warning C4244: '=': conversion from 'int' to 'float', possible loss of data
C:\Users\kmora\source\repos\Week8Project\Week8Project\Week8Project.cpp(481,38): warning C4244: '=': conversion from 'int' to 'float', possible loss of data
C:\Users\kmora\source\repos\Week8Project\Week8Project\Week8Project.cpp(508,38): warning C4244: '=': conversion from 'int' to 'float', possible loss of data
C:\Users\kmora\source\repos\Week8Project\Week8Project\Week8Project.cpp(515,38): warning C4244: '=': conversion from 'int' to 'float', possible loss of data
C:\Users\kmora\source\repos\Week8Project\Week8Project\Week8Project.cpp(522,38): warning C4244: '=': conversion from 'int' to 'float', possible loss of data
C:\Users\kmora\source\repos\Week8Project\Week8Project\Week8Project.cpp(529,38): warning C4244: '=': conversion from 'int' to 'float', possible loss of data
C:\Users\kmora\source\repos\Week8Project\Week8Project\Week8Project.cpp(536,38): warning C4244: '=': conversion from 'int' to 'float', possible loss of data
C:\Users\kmora\source\repos\Week8Project\Week8Project\Week8Project.cpp(562,38): warning C4244: '=': conversion from 'int' to 'float', possible loss of data
C:\Users\kmora\source\repos\Week8Project\Week8Project\Week8Project.cpp(569,38): warning C4244: '=': conversion from 'int' to 'float', possible loss of data
C:\Users\kmora\source\repos\Week8Project\Week8Project\Week8Project.cpp(576,38): warning C4244: '=': conversion from 'int' to 'float', possible loss of data
C:\Users\kmora\source\repos\Week8Project\Week8Project\Week8Project.cpp(583,38): warning C4244: '=': conversion from 'int' to 'float', possible loss of data
C:\Users\kmora\source\repos\Week8Project\Week8Project\Week8Project.cpp(589,38): warning C4244: '=': conversion from 'int' to 'float', possible loss of data
C:\Users\kmora\source\repos\Week8Project\Week8Project\Week8Project.cpp(146,15): warning C4101: 'ansadd2': unreferenced local variable
C:\Users\kmora\source\repos\Week8Project\Week8Project\Week8Project.cpp(149,18): warning C4101: 'totalAdd': unreferenced local variable
  Generating Code...
  Week8Project.vcxproj -> C:\Users\kmora\source\repos\Week8Project\Debug\Week8Project.exe
